[debug] [2017-07-27T21:18:55.015Z] ----------------------------------------------------------------------
[debug] [2017-07-27T21:18:55.018Z] Command:      /usr/local/Cellar/node/8.1.3/bin/node /usr/local/bin/firebase deploy
[debug] [2017-07-27T21:18:55.019Z] CLI Version:  3.9.1
[debug] [2017-07-27T21:18:55.019Z] Platform:     darwin
[debug] [2017-07-27T21:18:55.019Z] Node Version: v8.1.3
[debug] [2017-07-27T21:18:55.020Z] Time:         Thu Jul 27 2017 15:18:55 GMT-0600 (MDT)
[debug] [2017-07-27T21:18:55.020Z] ----------------------------------------------------------------------
[debug] 
[debug] [2017-07-27T21:18:55.040Z] > command requires scopes: ["email","openid","https://www.googleapis.com/auth/cloudplatformprojects.readonly","https://www.googleapis.com/auth/firebase","https://www.googleapis.com/auth/cloud-platform"]
[debug] [2017-07-27T21:18:55.040Z] > authorizing via signed-in user
[debug] [2017-07-27T21:18:55.043Z] >>> HTTP REQUEST GET https://admin.firebase.com/v1/projects/fullstackapp-ce4fb  
 Thu Jul 27 2017 15:18:55 GMT-0600 (MDT)
[debug] [2017-07-27T21:18:55.579Z] <<< HTTP RESPONSE 200
[debug] [2017-07-27T21:18:55.581Z] >>> HTTP REQUEST GET https://admin.firebase.com/v1/database/fullstackapp-ce4fb/tokens  
 Thu Jul 27 2017 15:18:55 GMT-0600 (MDT)
[debug] [2017-07-27T21:18:55.828Z] <<< HTTP RESPONSE 200
[info] 
[info] === Deploying to 'fullstackapp-ce4fb'...
[info] 
[info] i  deploying hosting
[info] i  hosting: preparing . directory for upload...
[debug] [2017-07-27T21:18:56.514Z] >>> HTTP REQUEST PUT https://deploy.firebase.com/v1/hosting/fullstackapp-ce4fb/uploads/-Kq4uevCk4XCJywNdU6E?fileCount=56&message=  
 Thu Jul 27 2017 15:18:56 GMT-0600 (MDT)
[debug] [2017-07-27T21:18:58.431Z] <<< HTTP RESPONSE 500
[debug] [2017-07-27T21:18:58.431Z] <<< HTTP RESPONSE BODY
[error] 
[error] Error: HTTP Error: 500, An unknown error occurred. Please contact support.
[debug] [2017-07-27T21:18:58.673Z] Error Context: {
  "body": {
    "error": {
      "code": "UNKNOWN_ERROR",
      "message": "An unknown error occurred. Please contact support."
    }
  },
  "response": {
    "statusCode": 500,
    "body": {
      "error": {
        "code": "UNKNOWN_ERROR",
        "message": "An unknown error occurred. Please contact support."
      }
    },
    "headers": {
      "server": "nginx",
      "date": "Thu, 27 Jul 2017 21:18:58 GMT",
      "content-type": "application/json; charset=utf-8",
      "content-length": "97",
      "connection": "close",
      "access-control-allow-origin": "*",
      "access-control-allow-methods": "GET, PUT, POST, DELETE, OPTIONS",
      "strict-transport-security": "max-age=31556926; includeSubDomains; preload",
      "x-content-type-options": "nosniff"
    },
    "request": {
      "uri": {
        "protocol": "https:",
        "slashes": true,
        "auth": null,
        "host": "deploy.firebase.com",
        "port": 443,
        "hostname": "deploy.firebase.com",
        "hash": null,
        "search": "?fileCount=56&message=",
        "query": "fileCount=56&message=",
        "pathname": "/v1/hosting/fullstackapp-ce4fb/uploads/-Kq4uevCk4XCJywNdU6E",
        "path": "/v1/hosting/fullstackapp-ce4fb/uploads/-Kq4uevCk4XCJywNdU6E?fileCount=56&message=",
        "href": "https://deploy.firebase.com/v1/hosting/fullstackapp-ce4fb/uploads/-Kq4uevCk4XCJywNdU6E?fileCount=56&message="
      },
      "method": "PUT"
    }
  }
}
